[INFO  - 2017-03-28T01:38:43.616Z] GhostDriver - Main - running on port 49858
[INFO  - 2017-03-28T01:38:44.284Z] Session [479f6380-1357-11e7-a78d-efd6a7af69ce] - page.settings - {"XSSAuditingEnabled":false,"javascriptCanCloseWindows":true,"javascriptCanOpenWindows":true,"javascriptEnabled":true,"loadImages":true,"localToRemoteUrlAccessEnabled":false,"userAgent":"Mozilla/5.0 (Macintosh; Intel Mac OS X) AppleWebKit/538.1 (KHTML, like Gecko) PhantomJS/2.1.1 Safari/538.1","webSecurityEnabled":true}
[INFO  - 2017-03-28T01:38:44.284Z] Session [479f6380-1357-11e7-a78d-efd6a7af69ce] - page.customHeaders:  - {}
[INFO  - 2017-03-28T01:38:44.285Z] Session [479f6380-1357-11e7-a78d-efd6a7af69ce] - Session.negotiatedCapabilities - {"browserName":"phantomjs","version":"2.1.1","driverName":"ghostdriver","driverVersion":"1.2.0","platform":"mac-unknown-64bit","javascriptEnabled":true,"takesScreenshot":true,"handlesAlerts":false,"databaseEnabled":false,"locationContextEnabled":false,"applicationCacheEnabled":false,"browserConnectionEnabled":false,"cssSelectorsEnabled":true,"webStorageEnabled":false,"rotatable":false,"acceptSslCerts":false,"nativeEvents":true,"proxy":{"proxyType":"direct"}}
[INFO  - 2017-03-28T01:38:44.285Z] SessionManagerReqHand - _postNewSessionCommand - New Session Created: 479f6380-1357-11e7-a78d-efd6a7af69ce
[ERROR - 2017-03-28T01:38:47.091Z] WebElementLocator - _handleLocateCommand - Element(s) NOT Found: GAVE UP. Search Stop Time: 1490665127052

  phantomjs://platform/console++.js:263 in error
[ERROR - 2017-03-28T01:38:47.952Z] WebElementLocator - _handleLocateCommand - Element(s) NOT Found: GAVE UP. Search Stop Time: 1490665127918

  phantomjs://platform/console++.js:263 in error
[ERROR - 2017-03-28T01:38:48.736Z] WebElementLocator - _handleLocateCommand - Element(s) NOT Found: GAVE UP. Search Stop Time: 1490665128705

  phantomjs://platform/console++.js:263 in error
[ERROR - 2017-03-28T01:38:49.527Z] WebElementLocator - _handleLocateCommand - Element(s) NOT Found: GAVE UP. Search Stop Time: 1490665129494

  phantomjs://platform/console++.js:263 in error
[ERROR - 2017-03-28T01:38:50.311Z] WebElementLocator - _handleLocateCommand - Element(s) NOT Found: GAVE UP. Search Stop Time: 1490665130282

  phantomjs://platform/console++.js:263 in error
[ERROR - 2017-03-28T01:38:51.157Z] WebElementLocator - _handleLocateCommand - Element(s) NOT Found: GAVE UP. Search Stop Time: 1490665131099

  phantomjs://platform/console++.js:263 in error
[ERROR - 2017-03-28T01:38:51.984Z] WebElementLocator - _handleLocateCommand - Element(s) NOT Found: GAVE UP. Search Stop Time: 1490665131947

  phantomjs://platform/console++.js:263 in error
[ERROR - 2017-03-28T01:38:52.801Z] WebElementLocator - _handleLocateCommand - Element(s) NOT Found: GAVE UP. Search Stop Time: 1490665132743

  phantomjs://platform/console++.js:263 in error
[ERROR - 2017-03-28T01:38:53.595Z] WebElementLocator - _handleLocateCommand - Element(s) NOT Found: GAVE UP. Search Stop Time: 1490665133562

  phantomjs://platform/console++.js:263 in error
[ERROR - 2017-03-28T01:38:54.389Z] WebElementLocator - _handleLocateCommand - Element(s) NOT Found: GAVE UP. Search Stop Time: 1490665134358

  phantomjs://platform/console++.js:263 in error
[ERROR - 2017-03-28T01:38:55.189Z] WebElementLocator - _handleLocateCommand - Element(s) NOT Found: GAVE UP. Search Stop Time: 1490665135143

  phantomjs://platform/console++.js:263 in error
[ERROR - 2017-03-28T01:38:56.013Z] WebElementLocator - _handleLocateCommand - Element(s) NOT Found: GAVE UP. Search Stop Time: 1490665135959

  phantomjs://platform/console++.js:263 in error
[ERROR - 2017-03-28T01:38:56.857Z] WebElementLocator - _handleLocateCommand - Element(s) NOT Found: GAVE UP. Search Stop Time: 1490665136827

  phantomjs://platform/console++.js:263 in error
